<?xml version="1.0" encoding="UTF-8"?>
<!-- Generated by org.testng.reporters.JUnitReportReporter -->
<testsuite hostname="Shiyamala-Panneerselvam" failures="0" tests="1" name="restAPI.PostRequestWithMap" time="1.747" errors="0" timestamp="28 May 2022 06:57:38 GMT" skipped="0">
  <testcase classname="restAPI.PostRequestWithMap" name="test1" time="1.747"/>
</testsuite> <!-- restAPI.PostRequestWithMap -->
