<?xml version="1.0" encoding="UTF-8"?>
<!-- Generated by org.testng.reporters.JUnitReportReporter -->
<testsuite hostname="Shiyamala-Panneerselvam" failures="0" tests="1" name="restAPI.GetRequestWithParams" time="1.424" errors="0" timestamp="28 May 2022 05:23:57 GMT" skipped="0">
  <testcase classname="restAPI.GetRequestWithParams" name="test1" time="1.424"/>
</testsuite> <!-- restAPI.GetRequestWithParams -->
