<?xml version="1.0" encoding="UTF-8"?>
<!-- Generated by org.testng.reporters.JUnitReportReporter -->
<testsuite hostname="Shiyamala-Panneerselvam" failures="0" tests="2" name="restAPIXML.XMLTest" time="2.002" errors="0" timestamp="04 Jun 2022 06:38:06 GMT" skipped="0">
  <testcase classname="restAPIXML.XMLTest" name="test1" time="1.344"/>
  <testcase classname="restAPIXML.XMLTest" name="test2" time="0.658"/>
</testsuite> <!-- restAPIXML.XMLTest -->
