<?xml version="1.0" encoding="UTF-8"?>
<!-- Generated by org.testng.reporters.JUnitReportReporter -->
<testsuite hostname="Shiyamala-Panneerselvam" failures="0" tests="1" name="restAPI.GetRequest" time="1.071" errors="0" timestamp="28 May 2022 04:33:31 GMT" skipped="0">
  <testcase classname="restAPI.GetRequest" name="test1" time="1.071"/>
</testsuite> <!-- restAPI.GetRequest -->
