<?xml version="1.0" encoding="UTF-8"?>
<!-- Generated by org.testng.reporters.JUnitReportReporter -->
<testsuite hostname="Shiyamala-Panneerselvam" failures="0" tests="1" name="restAPI.DeleteRequest" time="1.680" errors="0" timestamp="29 May 2022 04:04:48 GMT" skipped="0">
  <testcase classname="restAPI.DeleteRequest" name="test1" time="1.680"/>
</testsuite> <!-- restAPI.DeleteRequest -->
