<?xml version="1.0" encoding="UTF-8"?>
<!-- Generated by org.testng.reporters.JUnitReportReporter -->
<testsuite hostname="Shiyamala-Panneerselvam" failures="0" tests="1" name="restAPI.PostRequestWithFile" time="2.401" errors="0" timestamp="29 May 2022 04:11:06 GMT" skipped="0">
  <testcase classname="restAPI.PostRequestWithFile" name="test1" time="2.401"/>
</testsuite> <!-- restAPI.PostRequestWithFile -->
