<?xml version="1.0" encoding="UTF-8"?>
<!-- Generated by org.testng.reporters.JUnitReportReporter -->
<testsuite hostname="Shiyamala-Panneerselvam" failures="0" tests="2" name="gitHub.EndToEndTest" time="3.951" errors="0" timestamp="29 May 2022 07:18:42 GMT" skipped="0">
  <testcase classname="gitHub.EndToEndTest" name="test2" time="1.334"/>
  <testcase classname="gitHub.EndToEndTest" name="test1" time="2.617"/>
</testsuite> <!-- gitHub.EndToEndTest -->
