<?xml version="1.0" encoding="UTF-8"?>
<!-- Generated by org.testng.reporters.JUnitReportReporter -->
<testsuite hostname="Shiyamala-Panneerselvam" failures="0" tests="1" name="apiChaining.EndToEndTest" time="1.635" errors="0" timestamp="29 May 2022 06:46:20 GMT" skipped="0">
  <testcase classname="apiChaining.EndToEndTest" name="test1" time="1.635"/>
</testsuite> <!-- apiChaining.EndToEndTest -->
