<?xml version="1.0" encoding="UTF-8"?>
<!-- Generated by org.testng.reporters.JUnitReportReporter -->
<testsuite hostname="Shiyamala-Panneerselvam" failures="0" tests="1" name="restBDD.PutRequestBDD" time="1.759" errors="0" timestamp="04 Jun 2022 05:14:20 GMT" skipped="0">
  <testcase classname="restBDD.PutRequestBDD" name="test1" time="1.759"/>
</testsuite> <!-- restBDD.PutRequestBDD -->
