<?xml version="1.0" encoding="UTF-8"?>
<!-- Generated by org.testng.reporters.JUnitReportReporter -->
<testsuite hostname="Shiyamala-Panneerselvam" failures="0" tests="3" name="restBDD.GetRequestBDD" time="1.678" errors="0" timestamp="04 Jun 2022 04:45:37 GMT" skipped="0">
  <testcase classname="restBDD.GetRequestBDD" name="test2" time="0.487"/>
  <testcase classname="restBDD.GetRequestBDD" name="test1" time="1.123"/>
  <testcase classname="restBDD.GetRequestBDD" name="test3" time="0.068"/>
</testsuite> <!-- restBDD.GetRequestBDD -->
