<?xml version="1.0" encoding="UTF-8"?>
<!-- Generated by org.testng.reporters.JUnitReportReporter -->
<testsuite hostname="Shiyamala-Panneerselvam" failures="0" tests="1" name="restAPI.PutRequest" time="2.137" errors="0" timestamp="29 May 2022 03:55:52 GMT" skipped="0">
  <testcase classname="restAPI.PutRequest" name="test1" time="2.137"/>
</testsuite> <!-- restAPI.PutRequest -->
